2017-09-27 18:32:18,704[main] DEBUG org.hibernate.SQL - 
    delete 
    from
        user 
    where
        user_id=?
2017-09-27 18:32:18,705[main] TRACE org.hibernate.type.descriptor.sql.BasicBinder - binding parameter [1] as [BIGINT] - [174]
2017-09-27 18:32:18,710[main] DEBUG org.hibernate.SQL - 
    select
        balance0_.id as id1_0_,
        balance0_.balance as balance2_0_,
        balance0_.created_on as created_3_0_,
        balance0_.updated_on as updated_4_0_,
        balance0_.user_id as user_id5_0_ 
    from
        balance balance0_
2017-09-27 18:32:18,714[main] DEBUG org.hibernate.SQL - 
    delete 
    from
        balance 
    where
        id=?
2017-09-27 18:32:18,715[main] TRACE org.hibernate.type.descriptor.sql.BasicBinder - binding parameter [1] as [BIGINT] - [113]
2017-09-27 18:32:18,716[main] DEBUG org.hibernate.SQL - 
    delete 
    from
        balance 
    where
        id=?
2017-09-27 18:32:18,716[main] TRACE org.hibernate.type.descriptor.sql.BasicBinder - binding parameter [1] as [BIGINT] - [114]
2017-09-27 18:32:18,717[main] DEBUG org.hibernate.SQL - 
    delete 
    from
        balance 
    where
        id=?
2017-09-27 18:32:18,717[main] TRACE org.hibernate.type.descriptor.sql.BasicBinder - binding parameter [1] as [BIGINT] - [115]
2017-09-27 18:32:18,718[main] DEBUG org.hibernate.SQL - 
    delete 
    from
        balance 
    where
        id=?
2017-09-27 18:32:18,718[main] TRACE org.hibernate.type.descriptor.sql.BasicBinder - binding parameter [1] as [BIGINT] - [116]
2017-09-27 18:32:18,730[main] DEBUG org.hibernate.SQL - 
    insert 
    into
        user
        (created_on, password, role, updated_on, username) 
    values
        (?, ?, ?, ?, ?)
2017-09-27 18:32:18,732[main] TRACE org.hibernate.type.descriptor.sql.BasicBinder - binding parameter [1] as [VARBINARY] - [2017-09-27T18:32:18.724]
2017-09-27 18:32:18,732[main] TRACE org.hibernate.type.descriptor.sql.BasicBinder - binding parameter [2] as [VARCHAR] - [admin]
2017-09-27 18:32:18,734[main] TRACE org.hibernate.type.descriptor.sql.BasicBinder - binding parameter [3] as [VARCHAR] - [ADMIN]
2017-09-27 18:32:18,734[main] TRACE org.hibernate.type.descriptor.sql.BasicBinder - binding parameter [4] as [VARBINARY] - [2017-09-27T18:32:18.724]
