2017-09-27 18:26:37,977[main] TRACE org.hibernate.type.descriptor.sql.BasicBinder - binding parameter [3] as [VARBINARY] - [2017-09-27T18:26:37.974]
2017-09-27 18:26:37,978[main] TRACE org.hibernate.type.descriptor.sql.BasicBinder - binding parameter [4] as [BIGINT] - [165]
2017-09-27 18:26:37,983[main] DEBUG org.hibernate.SQL - 
    insert 
    into
        user
        (created_on, password, role, updated_on, username) 
    values
        (?, ?, ?, ?, ?)
2017-09-27 18:26:37,984[main] TRACE org.hibernate.type.descriptor.sql.BasicBinder - binding parameter [1] as [VARBINARY] - [2017-09-27T18:26:37.982]
2017-09-27 18:26:37,984[main] TRACE org.hibernate.type.descriptor.sql.BasicBinder - binding parameter [2] as [VARCHAR] - [anant]
2017-09-27 18:26:37,985[main] TRACE org.hibernate.type.descriptor.sql.BasicBinder - binding parameter [3] as [VARCHAR] - [NON_ADMIN]
2017-09-27 18:26:37,985[main] TRACE org.hibernate.type.descriptor.sql.BasicBinder - binding parameter [4] as [VARBINARY] - [2017-09-27T18:26:37.982]
2017-09-27 18:26:37,985[main] TRACE org.hibernate.type.descriptor.sql.BasicBinder - binding parameter [5] as [VARCHAR] - [anant]
2017-09-27 18:26:37,989[main] DEBUG org.hibernate.SQL - 
    insert 
    into
        balance
        (balance, created_on, updated_on, user_id) 
    values
        (?, ?, ?, ?)
2017-09-27 18:26:37,989[main] TRACE org.hibernate.type.descriptor.sql.BasicBinder - binding parameter [1] as [BIGINT] - [1000]
2017-09-27 18:26:37,990[main] TRACE org.hibernate.type.descriptor.sql.BasicBinder - binding parameter [2] as [VARBINARY] - [2017-09-27T18:26:37.988]
2017-09-27 18:26:37,990[main] TRACE org.hibernate.type.descriptor.sql.BasicBinder - binding parameter [3] as [VARBINARY] - [2017-09-27T18:26:37.988]
2017-09-27 18:26:37,990[main] TRACE org.hibernate.type.descriptor.sql.BasicBinder - binding parameter [4] as [BIGINT] - [166]
2017-09-27 18:26:37,993[main] DEBUG org.hibernate.SQL - 
    insert 
    into
        user
        (created_on, password, role, updated_on, username) 
    values
        (?, ?, ?, ?, ?)
2017-09-27 18:26:37,994[main] TRACE org.hibernate.type.descriptor.sql.BasicBinder - binding parameter [1] as [VARBINARY] - [2017-09-27T18:26:37.992]
2017-09-27 18:26:37,994[main] TRACE org.hibernate.type.descriptor.sql.BasicBinder - binding parameter [2] as [VARCHAR] - [user1]
2017-09-27 18:26:37,994[main] TRACE org.hibernate.type.descriptor.sql.BasicBinder - binding parameter [3] as [VARCHAR] - [NON_ADMIN]
2017-09-27 18:26:37,994[main] TRACE org.hibernate.type.descriptor.sql.BasicBinder - binding parameter [4] as [VARBINARY] - [2017-09-27T18:26:37.992]
2017-09-27 18:26:37,994[main] TRACE org.hibernate.type.descriptor.sql.BasicBinder - binding parameter [5] as [VARCHAR] - [user1]
2017-09-27 18:26:37,997[main] DEBUG org.hibernate.SQL - 
    insert 
    into
        balance
        (balance, created_on, updated_on, user_id) 
    values
        (?, ?, ?, ?)
2017-09-27 18:26:37,997[main] TRACE org.hibernate.type.descriptor.sql.BasicBinder - binding parameter [1] as [BIGINT] - [8000]
2017-09-27 18:26:37,997[main] TRACE org.hibernate.type.descriptor.sql.BasicBinder - binding parameter [2] as [VARBINARY] - [2017-09-27T18:26:37.996]
2017-09-27 18:26:37,997[main] TRACE org.hibernate.type.descriptor.sql.BasicBinder - binding parameter [3] as [VARBINARY] - [2017-09-27T18:26:37.996]
2017-09-27 18:26:37,998[main] TRACE org.hibernate.type.descriptor.sql.BasicBinder - binding parameter [4] as [BIGINT] - [167]
2017-09-27 18:26:38,000[main] DEBUG org.hibernate.SQL - 
    insert 
    into
        user
        (created_on, password, role, updated_on, username) 
    values
        (?, ?, ?, ?, ?)
2017-09-27 18:26:38,001[main] TRACE org.hibernate.type.descriptor.sql.BasicBinder - binding parameter [1] as [VARBINARY] - [2017-09-27T18:26:37.999]
2017-09-27 18:26:38,001[main] TRACE org.hibernate.type.descriptor.sql.BasicBinder - binding parameter [2] as [VARCHAR] - [user2]
2017-09-27 18:26:38,002[main] TRACE org.hibernate.type.descriptor.sql.BasicBinder - binding parameter [3] as [VARCHAR] - [NON_ADMIN]
2017-09-27 18:26:38,003[main] TRACE org.hibernate.type.descriptor.sql.BasicBinder - binding parameter [4] as [VARBINARY] - [2017-09-27T18:26:37.999]
2017-09-27 18:26:38,003[main] TRACE org.hibernate.type.descriptor.sql.BasicBinder - binding parameter [5] as [VARCHAR] - [user2]
2017-09-27 18:26:38,006[main] DEBUG org.hibernate.SQL - 
    insert 
    into
        balance
        (balance, created_on, updated_on, user_id) 
    values
        (?, ?, ?, ?)
2017-09-27 18:26:38,006[main] TRACE org.hibernate.type.descriptor.sql.BasicBinder - binding parameter [1] as [BIGINT] - [100]
2017-09-27 18:26:38,007[main] TRACE org.hibernate.type.descriptor.sql.BasicBinder - binding parameter [2] as [VARBINARY] - [2017-09-27T18:26:38.005]
2017-09-27 18:26:38,007[main] TRACE org.hibernate.type.descriptor.sql.BasicBinder - binding parameter [3] as [VARBINARY] - [2017-09-27T18:26:38.005]
2017-09-27 18:26:38,007[main] TRACE org.hibernate.type.descriptor.sql.BasicBinder - binding parameter [4] as [BIGINT] - [168]
2017-09-27 18:26:38,099[main] INFO  org.springframework.web.servlet.mvc.method.annotation.RequestMappingHandlerMapping - Mapped "{[/fab/users],methods=[GET],consumes=[*/*],produces=[application/json]}" onto public fab.wallet.backend.api.Response fab.wallet.backend.controller.AdminController.fetchUsers(javax.servlet.http.HttpServletRequest,javax.servlet.http.HttpServletResponse)
2017-09-27 18:26:38,102[main] INFO  org.springframework.web.servlet.mvc.method.annotation.RequestMappingHandlerMapping - Mapped "{[/fab/transactions/{userId}],methods=[GET],consumes=[*/*],produces=[application/json]}" onto public fab.wallet.backend.api.Response fab.wallet.backend.controller.AdminController.fetchTransactionsByUserId(java.lang.Long,javax.servlet.http.HttpServletRequest,javax.servlet.http.HttpServletResponse)
2017-09-27 18:26:38,103[main] INFO  org.springframework.web.servlet.mvc.method.annotation.RequestMappingHandlerMapping - Mapped "{[/fab/authenticate],methods=[POST],consumes=[*/*],produces=[application/json]}" onto public fab.wallet.backend.api.Response fab.wallet.backend.controller.UserController.fetchUsers(fab.wallet.backend.api.Request,javax.servlet.http.HttpServletRequest,javax.servlet.http.HttpServletResponse) throws fab.wallet.backend.exception.UserNotFoundException
2017-09-27 18:26:38,103[main] INFO  org.springframework.web.servlet.mvc.method.annotation.RequestMappingHandlerMapping - Mapped "{[/fab/purchase],methods=[POST],consumes=[*/*],produces=[application/json]}" onto public fab.wallet.backend.api.Response fab.wallet.backend.controller.UserController.purchase(fab.wallet.backend.api.Request,javax.servlet.http.HttpServletRequest,javax.servlet.http.HttpServletResponse) throws fab.wallet.backend.exception.InsufficientBalanceException,fab.wallet.backend.exception.WalletNotFoundException
2017-09-27 18:26:38,104[main] INFO  org.springframework.web.servlet.mvc.method.annotation.RequestMappingHandlerMapping - Mapped "{[/fab/balance/{userId}],methods=[GET],consumes=[*/*],produces=[application/json]}" onto public fab.wallet.backend.api.Response fab.wallet.backend.controller.UserController.getBalance(java.lang.Long,javax.servlet.http.HttpServletRequest,javax.servlet.http.HttpServletResponse) throws fab.wallet.backend.exception.WalletNotFoundException
2017-09-27 18:26:38,108[main] INFO  org.springframework.web.servlet.mvc.method.annotation.RequestMappingHandlerMapping - Mapped "{[/error]}" onto public org.springframework.http.ResponseEntity<java.util.Map<java.lang.String, java.lang.Object>> org.springframework.boot.autoconfigure.web.BasicErrorController.error(javax.servlet.http.HttpServletRequest)
2017-09-27 18:26:38,108[main] INFO  org.springframework.web.servlet.mvc.method.annotation.RequestMappingHandlerMapping - Mapped "{[/error],produces=[text/html]}" onto public org.springframework.web.servlet.ModelAndView org.springframework.boot.autoconfigure.web.BasicErrorController.errorHtml(javax.servlet.http.HttpServletRequest,javax.servlet.http.HttpServletResponse)
2017-09-27 18:26:38,172[main] INFO  org.springframework.web.servlet.mvc.method.annotation.RequestMappingHandlerAdapter - Looking for @ControllerAdvice: org.springframework.boot.context.embedded.AnnotationConfigEmbeddedWebApplicationContext@eb75b00: startup date [Wed Sep 27 18:26:34 IST 2017]; root of context hierarchy
2017-09-27 18:26:38,432[main] INFO  org.springframework.web.servlet.mvc.method.annotation.ExceptionHandlerExceptionResolver - Detected @ExceptionHandler methods in exceptionInterceptor
2017-09-27 18:26:38,753[main] INFO  org.springframework.jmx.export.annotation.AnnotationMBeanExporter - Registering beans for JMX exposure on startup
