2017-09-27 18:31:54,421[main] INFO  org.hibernate.cfg.Environment - HHH000021: Bytecode provider name : javassist
2017-09-27 18:31:54,455[main] INFO  org.hibernate.annotations.common.Version - HCANN000001: Hibernate Commons Annotations {5.0.1.Final}
2017-09-27 18:31:54,536[main] INFO  org.hibernate.dialect.Dialect - HHH000400: Using dialect: org.hibernate.dialect.MySQLDialect
2017-09-27 18:31:54,944[main] INFO  org.hibernate.tool.hbm2ddl.SchemaUpdate - HHH000228: Running hbm2ddl schema update
2017-09-27 18:31:55,036[main] INFO  org.springframework.orm.jpa.LocalContainerEntityManagerFactoryBean - Initialized JPA EntityManagerFactory for persistence unit 'default'
2017-09-27 18:31:55,323[main] INFO  org.hibernate.hql.internal.QueryTranslatorFactoryInitiator - HHH000397: Using ASTQueryTranslatorFactory
2017-09-27 18:31:55,412[main] DEBUG org.hibernate.SQL - 
    select
        user0_.user_id as user_id1_2_,
        user0_.created_on as created_2_2_,
        user0_.password as password3_2_,
        user0_.role as role4_2_,
        user0_.updated_on as updated_5_2_,
        user0_.username as username6_2_ 
    from
        user user0_
2017-09-27 18:31:55,470[main] DEBUG org.hibernate.SQL - 
    delete 
    from
        user 
    where
        user_id=?
