2017-09-27 18:33:05,151[main] DEBUG org.hibernate.SQL - 
    delete 
    from
        balance 
    where
        id=?
2017-09-27 18:33:05,152[main] TRACE org.hibernate.type.descriptor.sql.BasicBinder - binding parameter [1] as [BIGINT] - [119]
2017-09-27 18:33:05,153[main] DEBUG org.hibernate.SQL - 
    delete 
    from
        balance 
    where
        id=?
2017-09-27 18:33:05,153[main] TRACE org.hibernate.type.descriptor.sql.BasicBinder - binding parameter [1] as [BIGINT] - [120]
2017-09-27 18:33:05,172[main] DEBUG org.hibernate.SQL - 
    insert 
    into
        user
        (created_on, password, role, updated_on, username) 
    values
        (?, ?, ?, ?, ?)
2017-09-27 18:33:05,173[main] TRACE org.hibernate.type.descriptor.sql.BasicBinder - binding parameter [1] as [VARBINARY] - [2017-09-27T18:33:05.165]
2017-09-27 18:33:05,174[main] TRACE org.hibernate.type.descriptor.sql.BasicBinder - binding parameter [2] as [VARCHAR] - [admin]
2017-09-27 18:33:05,174[main] TRACE org.hibernate.type.descriptor.sql.BasicBinder - binding parameter [3] as [VARCHAR] - [ADMIN]
2017-09-27 18:33:05,174[main] TRACE org.hibernate.type.descriptor.sql.BasicBinder - binding parameter [4] as [VARBINARY] - [2017-09-27T18:33:05.165]
2017-09-27 18:33:05,175[main] TRACE org.hibernate.type.descriptor.sql.BasicBinder - binding parameter [5] as [VARCHAR] - [admin]
2017-09-27 18:33:05,188[main] DEBUG org.hibernate.SQL - 
    insert 
    into
        user
        (created_on, password, role, updated_on, username) 
    values
        (?, ?, ?, ?, ?)
2017-09-27 18:33:05,189[main] TRACE org.hibernate.type.descriptor.sql.BasicBinder - binding parameter [1] as [VARBINARY] - [2017-09-27T18:33:05.187]
2017-09-27 18:33:05,189[main] TRACE org.hibernate.type.descriptor.sql.BasicBinder - binding parameter [2] as [VARCHAR] - [admin2]
2017-09-27 18:33:05,189[main] TRACE org.hibernate.type.descriptor.sql.BasicBinder - binding parameter [3] as [VARCHAR] - [ADMIN]
2017-09-27 18:33:05,189[main] TRACE org.hibernate.type.descriptor.sql.BasicBinder - binding parameter [4] as [VARBINARY] - [2017-09-27T18:33:05.187]
2017-09-27 18:33:05,190[main] TRACE org.hibernate.type.descriptor.sql.BasicBinder - binding parameter [5] as [VARCHAR] - [admin2]
2017-09-27 18:33:05,193[main] DEBUG org.hibernate.SQL - 
    insert 
    into
        user
        (created_on, password, role, updated_on, username) 
    values
        (?, ?, ?, ?, ?)
2017-09-27 18:33:05,194[main] TRACE org.hibernate.type.descriptor.sql.BasicBinder - binding parameter [1] as [VARBINARY] - [2017-09-27T18:33:05.191]
2017-09-27 18:33:05,194[main] TRACE org.hibernate.type.descriptor.sql.BasicBinder - binding parameter [2] as [VARCHAR] - [deepak]
2017-09-27 18:33:05,194[main] TRACE org.hibernate.type.descriptor.sql.BasicBinder - binding parameter [3] as [VARCHAR] - [NON_ADMIN]
2017-09-27 18:33:05,195[main] TRACE org.hibernate.type.descriptor.sql.BasicBinder - binding parameter [4] as [VARBINARY] - [2017-09-27T18:33:05.191]
2017-09-27 18:33:05,195[main] TRACE org.hibernate.type.descriptor.sql.BasicBinder - binding parameter [5] as [VARCHAR] - [deepak]
2017-09-27 18:33:05,198[main] DEBUG org.hibernate.SQL - 
    insert 
    into
        balance
        (balance, created_on, updated_on, user_id) 
    values
        (?, ?, ?, ?)
2017-09-27 18:33:05,199[main] TRACE org.hibernate.type.descriptor.sql.BasicBinder - binding parameter [1] as [BIGINT] - [5000]
2017-09-27 18:33:05,200[main] TRACE org.hibernate.type.descriptor.sql.BasicBinder - binding parameter [2] as [VARBINARY] - [2017-09-27T18:33:05.197]
2017-09-27 18:33:05,200[main] TRACE org.hibernate.type.descriptor.sql.BasicBinder - binding parameter [3] as [VARBINARY] - [2017-09-27T18:33:05.197]
2017-09-27 18:33:05,201[main] TRACE org.hibernate.type.descriptor.sql.BasicBinder - binding parameter [4] as [BIGINT] - [183]
2017-09-27 18:33:05,204[main] DEBUG org.hibernate.SQL - 
    insert 
    into
        user
        (created_on, password, role, updated_on, username) 
    values
        (?, ?, ?, ?, ?)
2017-09-27 18:33:05,204[main] TRACE org.hibernate.type.descriptor.sql.BasicBinder - binding parameter [1] as [VARBINARY] - [2017-09-27T18:33:05.203]
2017-09-27 18:33:05,205[main] TRACE org.hibernate.type.descriptor.sql.BasicBinder - binding parameter [2] as [VARCHAR] - [anant]
2017-09-27 18:33:05,205[main] TRACE org.hibernate.type.descriptor.sql.BasicBinder - binding parameter [3] as [VARCHAR] - [NON_ADMIN]
2017-09-27 18:33:05,206[main] TRACE org.hibernate.type.descriptor.sql.BasicBinder - binding parameter [4] as [VARBINARY] - [2017-09-27T18:33:05.203]
