2017-09-27 18:32:18,734[main] TRACE org.hibernate.type.descriptor.sql.BasicBinder - binding parameter [5] as [VARCHAR] - [admin]
2017-09-27 18:32:18,741[main] DEBUG org.hibernate.SQL - 
    insert 
    into
        user
        (created_on, password, role, updated_on, username) 
    values
        (?, ?, ?, ?, ?)
2017-09-27 18:32:18,741[main] TRACE org.hibernate.type.descriptor.sql.BasicBinder - binding parameter [1] as [VARBINARY] - [2017-09-27T18:32:18.740]
2017-09-27 18:32:18,742[main] TRACE org.hibernate.type.descriptor.sql.BasicBinder - binding parameter [2] as [VARCHAR] - [admin2]
2017-09-27 18:32:18,742[main] TRACE org.hibernate.type.descriptor.sql.BasicBinder - binding parameter [3] as [VARCHAR] - [ADMIN]
2017-09-27 18:32:18,742[main] TRACE org.hibernate.type.descriptor.sql.BasicBinder - binding parameter [4] as [VARBINARY] - [2017-09-27T18:32:18.740]
2017-09-27 18:32:18,743[main] TRACE org.hibernate.type.descriptor.sql.BasicBinder - binding parameter [5] as [VARCHAR] - [admin2]
2017-09-27 18:32:18,745[main] DEBUG org.hibernate.SQL - 
    insert 
    into
        user
        (created_on, password, role, updated_on, username) 
    values
        (?, ?, ?, ?, ?)
2017-09-27 18:32:18,746[main] TRACE org.hibernate.type.descriptor.sql.BasicBinder - binding parameter [1] as [VARBINARY] - [2017-09-27T18:32:18.744]
2017-09-27 18:32:18,746[main] TRACE org.hibernate.type.descriptor.sql.BasicBinder - binding parameter [2] as [VARCHAR] - [deepak]
2017-09-27 18:32:18,746[main] TRACE org.hibernate.type.descriptor.sql.BasicBinder - binding parameter [3] as [VARCHAR] - [NON_ADMIN]
2017-09-27 18:32:18,746[main] TRACE org.hibernate.type.descriptor.sql.BasicBinder - binding parameter [4] as [VARBINARY] - [2017-09-27T18:32:18.744]
2017-09-27 18:32:18,747[main] TRACE org.hibernate.type.descriptor.sql.BasicBinder - binding parameter [5] as [VARCHAR] - [deepak]
2017-09-27 18:32:18,751[main] DEBUG org.hibernate.SQL - 
    insert 
    into
        balance
        (balance, created_on, updated_on, user_id) 
    values
        (?, ?, ?, ?)
2017-09-27 18:32:18,753[main] TRACE org.hibernate.type.descriptor.sql.BasicBinder - binding parameter [1] as [BIGINT] - [5000]
2017-09-27 18:32:18,753[main] TRACE org.hibernate.type.descriptor.sql.BasicBinder - binding parameter [2] as [VARBINARY] - [2017-09-27T18:32:18.749]
