2017-09-27 18:26:13,961[main] TRACE org.hibernate.type.descriptor.sql.BasicBinder - binding parameter [1] as [BIGINT] - [151]
2017-09-27 18:26:13,965[main] DEBUG org.hibernate.SQL - 
    delete 
    from
        user 
    where
        user_id=?
2017-09-27 18:26:13,967[main] TRACE org.hibernate.type.descriptor.sql.BasicBinder - binding parameter [1] as [BIGINT] - [152]
2017-09-27 18:26:13,969[main] DEBUG org.hibernate.SQL - 
    delete 
    from
        user 
    where
        user_id=?
2017-09-27 18:26:13,970[main] TRACE org.hibernate.type.descriptor.sql.BasicBinder - binding parameter [1] as [BIGINT] - [153]
2017-09-27 18:26:13,973[main] DEBUG org.hibernate.SQL - 
    delete 
    from
        user 
    where
        user_id=?
2017-09-27 18:26:13,974[main] TRACE org.hibernate.type.descriptor.sql.BasicBinder - binding parameter [1] as [BIGINT] - [154]
2017-09-27 18:26:13,975[main] DEBUG org.hibernate.SQL - 
    delete 
    from
        user 
    where
        user_id=?
2017-09-27 18:26:13,976[main] TRACE org.hibernate.type.descriptor.sql.BasicBinder - binding parameter [1] as [BIGINT] - [155]
2017-09-27 18:26:13,977[main] DEBUG org.hibernate.SQL - 
    delete 
    from
        user 
    where
        user_id=?
2017-09-27 18:26:13,978[main] TRACE org.hibernate.type.descriptor.sql.BasicBinder - binding parameter [1] as [BIGINT] - [156]
2017-09-27 18:26:13,985[main] DEBUG org.hibernate.SQL - 
    select
        balance0_.id as id1_0_,
        balance0_.balance as balance2_0_,
        balance0_.created_on as created_3_0_,
        balance0_.updated_on as updated_4_0_,
        balance0_.user_id as user_id5_0_ 
    from
        balance balance0_
2017-09-27 18:26:13,989[main] DEBUG org.hibernate.SQL - 
    delete 
    from
        balance 
    where
        id=?
2017-09-27 18:26:13,990[main] TRACE org.hibernate.type.descriptor.sql.BasicBinder - binding parameter [1] as [BIGINT] - [101]
2017-09-27 18:26:13,991[main] DEBUG org.hibernate.SQL - 
    delete 
    from
        balance 
    where
        id=?
2017-09-27 18:26:13,993[main] TRACE org.hibernate.type.descriptor.sql.BasicBinder - binding parameter [1] as [BIGINT] - [102]
