2017-09-27 18:21:34,949[main] INFO  fab.wallet.backend.BackendApplicationTests - Starting BackendApplicationTests on Deepaks-MacBook-Pro.local with PID 1732 (started by deepak in /Users/deepak/projects/fab/fab-backend)
2017-09-27 18:21:34,951[main] INFO  fab.wallet.backend.BackendApplicationTests - No active profile set, falling back to default profiles: default
2017-09-27 18:21:34,975[main] INFO  org.springframework.web.context.support.GenericWebApplicationContext - Refreshing org.springframework.web.context.support.GenericWebApplicationContext@791f145a: startup date [Wed Sep 27 18:21:34 IST 2017]; root of context hierarchy
2017-09-27 18:21:36,482[main] INFO  org.springframework.orm.jpa.LocalContainerEntityManagerFactoryBean - Building JPA container EntityManagerFactory for persistence unit 'default'
2017-09-27 18:21:36,498[main] INFO  org.hibernate.jpa.internal.util.LogHelper - HHH000204: Processing PersistenceUnitInfo [
	name: default
	...]
2017-09-27 18:21:36,565[main] INFO  org.hibernate.Version - HHH000412: Hibernate Core {5.0.12.Final}
2017-09-27 18:21:36,567[main] INFO  org.hibernate.cfg.Environment - HHH000206: hibernate.properties not found
2017-09-27 18:21:36,569[main] INFO  org.hibernate.cfg.Environment - HHH000021: Bytecode provider name : javassist
2017-09-27 18:21:36,599[main] INFO  org.hibernate.annotations.common.Version - HCANN000001: Hibernate Commons Annotations {5.0.1.Final}
2017-09-27 18:21:36,679[main] INFO  org.hibernate.dialect.Dialect - HHH000400: Using dialect: org.hibernate.dialect.MySQLDialect
2017-09-27 18:21:37,094[main] INFO  org.hibernate.tool.hbm2ddl.SchemaUpdate - HHH000228: Running hbm2ddl schema update
2017-09-27 18:21:37,198[main] INFO  org.springframework.orm.jpa.LocalContainerEntityManagerFactoryBean - Initialized JPA EntityManagerFactory for persistence unit 'default'
2017-09-27 18:21:37,487[main] INFO  org.hibernate.hql.internal.QueryTranslatorFactoryInitiator - HHH000397: Using ASTQueryTranslatorFactory
2017-09-27 18:21:37,601[main] DEBUG org.hibernate.SQL - 
    select
        user0_.user_id as user_id1_2_,
        user0_.created_on as created_2_2_,
        user0_.password as password3_2_,
        user0_.role as role4_2_,
        user0_.updated_on as updated_5_2_,
        user0_.username as username6_2_ 
    from
        user user0_
2017-09-27 18:21:37,693[main] DEBUG org.hibernate.SQL - 
    delete 
    from
        user 
    where
        user_id=?
2017-09-27 18:21:37,695[main] TRACE org.hibernate.type.descriptor.sql.BasicBinder - binding parameter [1] as [BIGINT] - [139]
2017-09-27 18:21:37,697[main] DEBUG org.hibernate.SQL - 
    delete 
    from
        user 
    where
        user_id=?
2017-09-27 18:21:37,697[main] TRACE org.hibernate.type.descriptor.sql.BasicBinder - binding parameter [1] as [BIGINT] - [140]
2017-09-27 18:21:37,698[main] DEBUG org.hibernate.SQL - 
    delete 
    from
        user 
    where
        user_id=?
2017-09-27 18:21:37,698[main] TRACE org.hibernate.type.descriptor.sql.BasicBinder - binding parameter [1] as [BIGINT] - [141]
2017-09-27 18:21:37,699[main] DEBUG org.hibernate.SQL - 
    delete 
    from
        user 
    where
        user_id=?
2017-09-27 18:21:37,700[main] TRACE org.hibernate.type.descriptor.sql.BasicBinder - binding parameter [1] as [BIGINT] - [142]
2017-09-27 18:21:37,701[main] DEBUG org.hibernate.SQL - 
    delete 
    from
        user 
    where
        user_id=?
2017-09-27 18:21:37,701[main] TRACE org.hibernate.type.descriptor.sql.BasicBinder - binding parameter [1] as [BIGINT] - [143]
2017-09-27 18:21:37,702[main] DEBUG org.hibernate.SQL - 
    delete 
    from
        user 
    where
        user_id=?
2017-09-27 18:21:37,703[main] TRACE org.hibernate.type.descriptor.sql.BasicBinder - binding parameter [1] as [BIGINT] - [144]
2017-09-27 18:21:37,708[main] DEBUG org.hibernate.SQL - 
    select
        balance0_.id as id1_0_,
        balance0_.balance as balance2_0_,
        balance0_.created_on as created_3_0_,
        balance0_.updated_on as updated_4_0_,
        balance0_.user_id as user_id5_0_ 
    from
        balance balance0_
2017-09-27 18:21:37,713[main] DEBUG org.hibernate.SQL - 
    delete 
    from
        balance 
    where
        id=?
2017-09-27 18:21:37,713[main] TRACE org.hibernate.type.descriptor.sql.BasicBinder - binding parameter [1] as [BIGINT] - [93]
2017-09-27 18:21:37,714[main] DEBUG org.hibernate.SQL - 
    delete 
    from
        balance 
    where
        id=?
2017-09-27 18:21:37,714[main] TRACE org.hibernate.type.descriptor.sql.BasicBinder - binding parameter [1] as [BIGINT] - [94]
2017-09-27 18:21:37,715[main] DEBUG org.hibernate.SQL - 
    delete 
    from
        balance 
    where
        id=?
2017-09-27 18:21:37,716[main] TRACE org.hibernate.type.descriptor.sql.BasicBinder - binding parameter [1] as [BIGINT] - [95]
2017-09-27 18:21:37,717[main] DEBUG org.hibernate.SQL - 
    delete 
    from
        balance 
    where
        id=?
2017-09-27 18:21:37,717[main] TRACE org.hibernate.type.descriptor.sql.BasicBinder - binding parameter [1] as [BIGINT] - [96]
2017-09-27 18:21:37,730[main] DEBUG org.hibernate.SQL - 
    insert 
    into
        user
        (created_on, password, role, updated_on, username) 
    values
        (?, ?, ?, ?, ?)
2017-09-27 18:21:37,731[main] TRACE org.hibernate.type.descriptor.sql.BasicBinder - binding parameter [1] as [VARBINARY] - [2017-09-27T18:21:37.723]
2017-09-27 18:21:37,732[main] TRACE org.hibernate.type.descriptor.sql.BasicBinder - binding parameter [2] as [VARCHAR] - [admin]
2017-09-27 18:21:37,732[main] TRACE org.hibernate.type.descriptor.sql.BasicBinder - binding parameter [3] as [VARCHAR] - [ADMIN]
2017-09-27 18:21:37,733[main] TRACE org.hibernate.type.descriptor.sql.BasicBinder - binding parameter [4] as [VARBINARY] - [2017-09-27T18:21:37.723]
2017-09-27 18:21:37,734[main] TRACE org.hibernate.type.descriptor.sql.BasicBinder - binding parameter [5] as [VARCHAR] - [admin]
2017-09-27 18:21:37,741[main] DEBUG org.hibernate.SQL - 
    insert 
    into
        user
        (created_on, password, role, updated_on, username) 
    values
        (?, ?, ?, ?, ?)
2017-09-27 18:21:37,742[main] TRACE org.hibernate.type.descriptor.sql.BasicBinder - binding parameter [1] as [VARBINARY] - [2017-09-27T18:21:37.740]
2017-09-27 18:21:37,742[main] TRACE org.hibernate.type.descriptor.sql.BasicBinder - binding parameter [2] as [VARCHAR] - [admin2]
2017-09-27 18:21:37,743[main] TRACE org.hibernate.type.descriptor.sql.BasicBinder - binding parameter [3] as [VARCHAR] - [ADMIN]
2017-09-27 18:21:37,743[main] TRACE org.hibernate.type.descriptor.sql.BasicBinder - binding parameter [4] as [VARBINARY] - [2017-09-27T18:21:37.740]
2017-09-27 18:21:37,743[main] TRACE org.hibernate.type.descriptor.sql.BasicBinder - binding parameter [5] as [VARCHAR] - [admin2]
2017-09-27 18:21:37,747[main] DEBUG org.hibernate.SQL - 
    insert 
    into
        user
        (created_on, password, role, updated_on, username) 
    values
        (?, ?, ?, ?, ?)
2017-09-27 18:21:37,747[main] TRACE org.hibernate.type.descriptor.sql.BasicBinder - binding parameter [1] as [VARBINARY] - [2017-09-27T18:21:37.746]
2017-09-27 18:21:37,748[main] TRACE org.hibernate.type.descriptor.sql.BasicBinder - binding parameter [2] as [VARCHAR] - [deepak]
2017-09-27 18:21:37,748[main] TRACE org.hibernate.type.descriptor.sql.BasicBinder - binding parameter [3] as [VARCHAR] - [NON_ADMIN]
2017-09-27 18:21:37,748[main] TRACE org.hibernate.type.descriptor.sql.BasicBinder - binding parameter [4] as [VARBINARY] - [2017-09-27T18:21:37.746]
2017-09-27 18:21:37,749[main] TRACE org.hibernate.type.descriptor.sql.BasicBinder - binding parameter [5] as [VARCHAR] - [deepak]
2017-09-27 18:21:37,756[main] DEBUG org.hibernate.SQL - 
    insert 
    into
        balance
        (balance, created_on, updated_on, user_id) 
    values
        (?, ?, ?, ?)
2017-09-27 18:21:37,757[main] TRACE org.hibernate.type.descriptor.sql.BasicBinder - binding parameter [1] as [BIGINT] - [5000]
2017-09-27 18:21:37,758[main] TRACE org.hibernate.type.descriptor.sql.BasicBinder - binding parameter [2] as [VARBINARY] - [2017-09-27T18:21:37.753]
2017-09-27 18:21:37,759[main] TRACE org.hibernate.type.descriptor.sql.BasicBinder - binding parameter [3] as [VARBINARY] - [2017-09-27T18:21:37.753]
2017-09-27 18:21:37,759[main] TRACE org.hibernate.type.descriptor.sql.BasicBinder - binding parameter [4] as [BIGINT] - [147]
2017-09-27 18:21:37,764[main] DEBUG org.hibernate.SQL - 
    insert 
    into
        user
        (created_on, password, role, updated_on, username) 
    values
        (?, ?, ?, ?, ?)
2017-09-27 18:21:37,764[main] TRACE org.hibernate.type.descriptor.sql.BasicBinder - binding parameter [1] as [VARBINARY] - [2017-09-27T18:21:37.762]
2017-09-27 18:21:37,765[main] TRACE org.hibernate.type.descriptor.sql.BasicBinder - binding parameter [2] as [VARCHAR] - [anant]
2017-09-27 18:21:37,765[main] TRACE org.hibernate.type.descriptor.sql.BasicBinder - binding parameter [3] as [VARCHAR] - [NON_ADMIN]
2017-09-27 18:21:37,766[main] TRACE org.hibernate.type.descriptor.sql.BasicBinder - binding parameter [4] as [VARBINARY] - [2017-09-27T18:21:37.762]
2017-09-27 18:21:37,766[main] TRACE org.hibernate.type.descriptor.sql.BasicBinder - binding parameter [5] as [VARCHAR] - [anant]
2017-09-27 18:21:37,768[main] DEBUG org.hibernate.SQL - 
    insert 
    into
        balance
        (balance, created_on, updated_on, user_id) 
    values
        (?, ?, ?, ?)
2017-09-27 18:21:37,769[main] TRACE org.hibernate.type.descriptor.sql.BasicBinder - binding parameter [1] as [BIGINT] - [1000]
2017-09-27 18:21:37,769[main] TRACE org.hibernate.type.descriptor.sql.BasicBinder - binding parameter [2] as [VARBINARY] - [2017-09-27T18:21:37.767]
2017-09-27 18:21:37,770[main] TRACE org.hibernate.type.descriptor.sql.BasicBinder - binding parameter [3] as [VARBINARY] - [2017-09-27T18:21:37.767]
2017-09-27 18:21:37,770[main] TRACE org.hibernate.type.descriptor.sql.BasicBinder - binding parameter [4] as [BIGINT] - [148]
2017-09-27 18:21:37,773[main] DEBUG org.hibernate.SQL - 
    insert 
    into
        user
        (created_on, password, role, updated_on, username) 
    values
        (?, ?, ?, ?, ?)
2017-09-27 18:21:37,775[main] TRACE org.hibernate.type.descriptor.sql.BasicBinder - binding parameter [1] as [VARBINARY] - [2017-09-27T18:21:37.772]
2017-09-27 18:21:37,776[main] TRACE org.hibernate.type.descriptor.sql.BasicBinder - binding parameter [2] as [VARCHAR] - [user1]
2017-09-27 18:21:37,777[main] TRACE org.hibernate.type.descriptor.sql.BasicBinder - binding parameter [3] as [VARCHAR] - [NON_ADMIN]
2017-09-27 18:21:37,777[main] TRACE org.hibernate.type.descriptor.sql.BasicBinder - binding parameter [4] as [VARBINARY] - [2017-09-27T18:21:37.772]
2017-09-27 18:21:37,779[main] TRACE org.hibernate.type.descriptor.sql.BasicBinder - binding parameter [5] as [VARCHAR] - [user1]
2017-09-27 18:21:37,781[main] DEBUG org.hibernate.SQL - 
    insert 
    into
        balance
        (balance, created_on, updated_on, user_id) 
    values
        (?, ?, ?, ?)
2017-09-27 18:21:37,787[main] TRACE org.hibernate.type.descriptor.sql.BasicBinder - binding parameter [1] as [BIGINT] - [8000]
2017-09-27 18:21:37,788[main] TRACE org.hibernate.type.descriptor.sql.BasicBinder - binding parameter [2] as [VARBINARY] - [2017-09-27T18:21:37.780]
2017-09-27 18:21:37,788[main] TRACE org.hibernate.type.descriptor.sql.BasicBinder - binding parameter [3] as [VARBINARY] - [2017-09-27T18:21:37.780]
2017-09-27 18:21:37,789[main] TRACE org.hibernate.type.descriptor.sql.BasicBinder - binding parameter [4] as [BIGINT] - [149]
2017-09-27 18:21:37,792[main] DEBUG org.hibernate.SQL - 
    insert 
    into
        user
        (created_on, password, role, updated_on, username) 
    values
        (?, ?, ?, ?, ?)
2017-09-27 18:21:37,792[main] TRACE org.hibernate.type.descriptor.sql.BasicBinder - binding parameter [1] as [VARBINARY] - [2017-09-27T18:21:37.791]
2017-09-27 18:21:37,792[main] TRACE org.hibernate.type.descriptor.sql.BasicBinder - binding parameter [2] as [VARCHAR] - [user2]
2017-09-27 18:21:37,793[main] TRACE org.hibernate.type.descriptor.sql.BasicBinder - binding parameter [3] as [VARCHAR] - [NON_ADMIN]
2017-09-27 18:21:37,793[main] TRACE org.hibernate.type.descriptor.sql.BasicBinder - binding parameter [4] as [VARBINARY] - [2017-09-27T18:21:37.791]
2017-09-27 18:21:37,793[main] TRACE org.hibernate.type.descriptor.sql.BasicBinder - binding parameter [5] as [VARCHAR] - [user2]
2017-09-27 18:21:37,796[main] DEBUG org.hibernate.SQL - 
    insert 
    into
        balance
        (balance, created_on, updated_on, user_id) 
    values
        (?, ?, ?, ?)
2017-09-27 18:21:37,796[main] TRACE org.hibernate.type.descriptor.sql.BasicBinder - binding parameter [1] as [BIGINT] - [100]
2017-09-27 18:21:37,797[main] TRACE org.hibernate.type.descriptor.sql.BasicBinder - binding parameter [2] as [VARBINARY] - [2017-09-27T18:21:37.795]
2017-09-27 18:21:37,797[main] TRACE org.hibernate.type.descriptor.sql.BasicBinder - binding parameter [3] as [VARBINARY] - [2017-09-27T18:21:37.795]
2017-09-27 18:21:37,797[main] TRACE org.hibernate.type.descriptor.sql.BasicBinder - binding parameter [4] as [BIGINT] - [150]
2017-09-27 18:21:37,921[main] INFO  org.springframework.web.servlet.mvc.method.annotation.RequestMappingHandlerMapping - Mapped "{[/fab/users],methods=[GET],consumes=[*/*],produces=[application/json]}" onto public fab.wallet.backend.api.Response fab.wallet.backend.controller.AdminController.fetchUsers(javax.servlet.http.HttpServletRequest,javax.servlet.http.HttpServletResponse)
2017-09-27 18:21:37,922[main] INFO  org.springframework.web.servlet.mvc.method.annotation.RequestMappingHandlerMapping - Mapped "{[/fab/transactions/{userId}],methods=[GET],consumes=[*/*],produces=[application/json]}" onto public fab.wallet.backend.api.Response fab.wallet.backend.controller.AdminController.fetchTransactionsByUserId(java.lang.Long,javax.servlet.http.HttpServletRequest,javax.servlet.http.HttpServletResponse)
2017-09-27 18:21:37,924[main] INFO  org.springframework.web.servlet.mvc.method.annotation.RequestMappingHandlerMapping - Mapped "{[/fab/purchase],methods=[POST],consumes=[*/*],produces=[application/json]}" onto public fab.wallet.backend.api.Response fab.wallet.backend.controller.UserController.purchase(fab.wallet.backend.api.Request,javax.servlet.http.HttpServletRequest,javax.servlet.http.HttpServletResponse) throws fab.wallet.backend.exception.InsufficientBalanceException,fab.wallet.backend.exception.WalletNotFoundException
2017-09-27 18:21:37,925[main] INFO  org.springframework.web.servlet.mvc.method.annotation.RequestMappingHandlerMapping - Mapped "{[/fab/authenticate],methods=[POST],consumes=[*/*],produces=[application/json]}" onto public fab.wallet.backend.api.Response fab.wallet.backend.controller.UserController.fetchUsers(fab.wallet.backend.api.Request,javax.servlet.http.HttpServletRequest,javax.servlet.http.HttpServletResponse) throws fab.wallet.backend.exception.UserNotFoundException
2017-09-27 18:21:37,926[main] INFO  org.springframework.web.servlet.mvc.method.annotation.RequestMappingHandlerMapping - Mapped "{[/fab/balance/{userId}],methods=[GET],consumes=[*/*],produces=[application/json]}" onto public fab.wallet.backend.api.Response fab.wallet.backend.controller.UserController.getBalance(java.lang.Long,javax.servlet.http.HttpServletRequest,javax.servlet.http.HttpServletResponse) throws fab.wallet.backend.exception.WalletNotFoundException
2017-09-27 18:21:37,930[main] INFO  org.springframework.web.servlet.mvc.method.annotation.RequestMappingHandlerMapping - Mapped "{[/error]}" onto public org.springframework.http.ResponseEntity<java.util.Map<java.lang.String, java.lang.Object>> org.springframework.boot.autoconfigure.web.BasicErrorController.error(javax.servlet.http.HttpServletRequest)
2017-09-27 18:21:37,931[main] INFO  org.springframework.web.servlet.mvc.method.annotation.RequestMappingHandlerMapping - Mapped "{[/error],produces=[text/html]}" onto public org.springframework.web.servlet.ModelAndView org.springframework.boot.autoconfigure.web.BasicErrorController.errorHtml(javax.servlet.http.HttpServletRequest,javax.servlet.http.HttpServletResponse)
2017-09-27 18:21:38,204[main] INFO  org.springframework.web.servlet.mvc.method.annotation.RequestMappingHandlerAdapter - Looking for @ControllerAdvice: org.springframework.web.context.support.GenericWebApplicationContext@791f145a: startup date [Wed Sep 27 18:21:34 IST 2017]; root of context hierarchy
2017-09-27 18:21:38,243[main] INFO  org.springframework.web.servlet.mvc.method.annotation.ExceptionHandlerExceptionResolver - Detected @ExceptionHandler methods in exceptionInterceptor
2017-09-27 18:21:38,629[main] INFO  fab.wallet.backend.BackendApplicationTests - Started BackendApplicationTests in 18.986 seconds (JVM running for 19.62)
2017-09-27 18:21:38,691[Thread-3] INFO  org.springframework.web.context.support.GenericWebApplicationContext - Closing org.springframework.web.context.support.GenericWebApplicationContext@791f145a: startup date [Wed Sep 27 18:21:34 IST 2017]; root of context hierarchy
2017-09-27 18:21:38,694[Thread-3] INFO  org.springframework.orm.jpa.LocalContainerEntityManagerFactoryBean - Closing JPA EntityManagerFactory for persistence unit 'default'
2017-09-27 18:21:57,993[main] INFO  fab.wallet.backend.BackendApplication - Starting BackendApplication on Deepaks-MacBook-Pro.local with PID 1733 (/Users/deepak/projects/fab/fab-backend/target/classes started by deepak in /Users/deepak/projects/fab/fab-backend)
2017-09-27 18:21:57,996[main] INFO  fab.wallet.backend.BackendApplication - No active profile set, falling back to default profiles: default
2017-09-27 18:21:58,031[main] INFO  org.springframework.boot.context.embedded.AnnotationConfigEmbeddedWebApplicationContext - Refreshing org.springframework.boot.context.embedded.AnnotationConfigEmbeddedWebApplicationContext@115fe35f: startup date [Wed Sep 27 18:21:58 IST 2017]; root of context hierarchy
2017-09-27 18:21:59,147[main] INFO  org.springframework.boot.context.embedded.tomcat.TomcatEmbeddedServletContainer - Tomcat initialized with port(s): 8080 (http)
2017-09-27 18:21:59,160[main] INFO  org.apache.catalina.core.StandardService - Starting service [Tomcat]
2017-09-27 18:21:59,161[main] INFO  org.apache.catalina.core.StandardEngine - Starting Servlet Engine: Apache Tomcat/8.5.20
2017-09-27 18:21:59,245[localhost-startStop-1] INFO  org.apache.catalina.core.ContainerBase.[Tomcat].[localhost].[/] - Initializing Spring embedded WebApplicationContext
2017-09-27 18:21:59,247[localhost-startStop-1] INFO  org.springframework.web.context.ContextLoader - Root WebApplicationContext: initialization completed in 1216 ms
2017-09-27 18:21:59,339[localhost-startStop-1] INFO  org.springframework.boot.web.servlet.ServletRegistrationBean - Mapping servlet: 'dispatcherServlet' to [/]
2017-09-27 18:21:59,343[localhost-startStop-1] INFO  org.springframework.boot.web.servlet.FilterRegistrationBean - Mapping filter: 'characterEncodingFilter' to: [/*]
2017-09-27 18:21:59,866[main] INFO  org.springframework.orm.jpa.LocalContainerEntityManagerFactoryBean - Building JPA container EntityManagerFactory for persistence unit 'default'
2017-09-27 18:21:59,887[main] INFO  org.hibernate.jpa.internal.util.LogHelper - HHH000204: Processing PersistenceUnitInfo [
	name: default
	...]
2017-09-27 18:21:59,970[main] INFO  org.hibernate.Version - HHH000412: Hibernate Core {5.0.12.Final}
2017-09-27 18:21:59,972[main] INFO  org.hibernate.cfg.Environment - HHH000206: hibernate.properties not found
2017-09-27 18:21:59,982[main] INFO  org.hibernate.cfg.Environment - HHH000021: Bytecode provider name : javassist
2017-09-27 18:22:00,030[main] INFO  org.hibernate.annotations.common.Version - HCANN000001: Hibernate Commons Annotations {5.0.1.Final}
2017-09-27 18:22:00,170[main] INFO  org.hibernate.dialect.Dialect - HHH000400: Using dialect: org.hibernate.dialect.MySQLDialect
2017-09-27 18:22:00,547[main] INFO  org.hibernate.tool.hbm2ddl.SchemaUpdate - HHH000228: Running hbm2ddl schema update
2017-09-27 18:22:00,665[main] INFO  org.springframework.orm.jpa.LocalContainerEntityManagerFactoryBean - Initialized JPA EntityManagerFactory for persistence unit 'default'
2017-09-27 18:22:00,996[main] INFO  org.hibernate.hql.internal.QueryTranslatorFactoryInitiator - HHH000397: Using ASTQueryTranslatorFactory
2017-09-27 18:22:01,116[main] DEBUG org.hibernate.SQL - 
    select
        user0_.user_id as user_id1_2_,
        user0_.created_on as created_2_2_,
        user0_.password as password3_2_,
        user0_.role as role4_2_,
        user0_.updated_on as updated_5_2_,
        user0_.username as username6_2_ 
    from
        user user0_
2017-09-27 18:22:01,172[main] DEBUG org.hibernate.SQL - 
    delete 
    from
        user 
    where
        user_id=?
2017-09-27 18:22:01,176[main] TRACE org.hibernate.type.descriptor.sql.BasicBinder - binding parameter [1] as [BIGINT] - [145]
2017-09-27 18:22:01,177[main] DEBUG org.hibernate.SQL - 
    delete 
    from
        user 
    where
        user_id=?
2017-09-27 18:22:01,178[main] TRACE org.hibernate.type.descriptor.sql.BasicBinder - binding parameter [1] as [BIGINT] - [146]
2017-09-27 18:22:01,179[main] DEBUG org.hibernate.SQL - 
    delete 
    from
        user 
    where
        user_id=?
2017-09-27 18:22:01,179[main] TRACE org.hibernate.type.descriptor.sql.BasicBinder - binding parameter [1] as [BIGINT] - [147]
2017-09-27 18:22:01,180[main] DEBUG org.hibernate.SQL - 
    delete 
    from
        user 
    where
        user_id=?
2017-09-27 18:22:01,181[main] TRACE org.hibernate.type.descriptor.sql.BasicBinder - binding parameter [1] as [BIGINT] - [148]
2017-09-27 18:22:01,181[main] DEBUG org.hibernate.SQL - 
    delete 
    from
        user 
    where
        user_id=?
2017-09-27 18:22:01,182[main] TRACE org.hibernate.type.descriptor.sql.BasicBinder - binding parameter [1] as [BIGINT] - [149]
2017-09-27 18:22:01,182[main] DEBUG org.hibernate.SQL - 
    delete 
    from
        user 
    where
        user_id=?
2017-09-27 18:22:01,183[main] TRACE org.hibernate.type.descriptor.sql.BasicBinder - binding parameter [1] as [BIGINT] - [150]
2017-09-27 18:22:01,189[main] DEBUG org.hibernate.SQL - 
    select
        balance0_.id as id1_0_,
        balance0_.balance as balance2_0_,
        balance0_.created_on as created_3_0_,
        balance0_.updated_on as updated_4_0_,
        balance0_.user_id as user_id5_0_ 
    from
        balance balance0_
2017-09-27 18:22:01,195[main] DEBUG org.hibernate.SQL - 
    delete 
    from
        balance 
    where
        id=?
2017-09-27 18:22:01,196[main] TRACE org.hibernate.type.descriptor.sql.BasicBinder - binding parameter [1] as [BIGINT] - [97]
2017-09-27 18:22:01,197[main] DEBUG org.hibernate.SQL - 
    delete 
    from
        balance 
    where
        id=?
2017-09-27 18:22:01,198[main] TRACE org.hibernate.type.descriptor.sql.BasicBinder - binding parameter [1] as [BIGINT] - [98]
2017-09-27 18:22:01,199[main] DEBUG org.hibernate.SQL - 
    delete 
    from
        balance 
    where
        id=?
2017-09-27 18:22:01,199[main] TRACE org.hibernate.type.descriptor.sql.BasicBinder - binding parameter [1] as [BIGINT] - [99]
2017-09-27 18:22:01,200[main] DEBUG org.hibernate.SQL - 
    delete 
    from
        balance 
    where
        id=?
2017-09-27 18:22:01,201[main] TRACE org.hibernate.type.descriptor.sql.BasicBinder - binding parameter [1] as [BIGINT] - [100]
2017-09-27 18:22:01,214[main] DEBUG org.hibernate.SQL - 
    insert 
    into
        user
        (created_on, password, role, updated_on, username) 
    values
        (?, ?, ?, ?, ?)
2017-09-27 18:22:01,216[main] TRACE org.hibernate.type.descriptor.sql.BasicBinder - binding parameter [1] as [VARBINARY] - [2017-09-27T18:22:01.206]
2017-09-27 18:22:01,216[main] TRACE org.hibernate.type.descriptor.sql.BasicBinder - binding parameter [2] as [VARCHAR] - [admin]
2017-09-27 18:22:01,217[main] TRACE org.hibernate.type.descriptor.sql.BasicBinder - binding parameter [3] as [VARCHAR] - [ADMIN]
2017-09-27 18:22:01,217[main] TRACE org.hibernate.type.descriptor.sql.BasicBinder - binding parameter [4] as [VARBINARY] - [2017-09-27T18:22:01.206]
2017-09-27 18:22:01,217[main] TRACE org.hibernate.type.descriptor.sql.BasicBinder - binding parameter [5] as [VARCHAR] - [admin]
2017-09-27 18:22:01,224[main] DEBUG org.hibernate.SQL - 
    insert 
    into
        user
        (created_on, password, role, updated_on, username) 
    values
        (?, ?, ?, ?, ?)
2017-09-27 18:22:01,225[main] TRACE org.hibernate.type.descriptor.sql.BasicBinder - binding parameter [1] as [VARBINARY] - [2017-09-27T18:22:01.221]
2017-09-27 18:22:01,225[main] TRACE org.hibernate.type.descriptor.sql.BasicBinder - binding parameter [2] as [VARCHAR] - [admin2]
2017-09-27 18:22:01,226[main] TRACE org.hibernate.type.descriptor.sql.BasicBinder - binding parameter [3] as [VARCHAR] - [ADMIN]
2017-09-27 18:22:01,226[main] TRACE org.hibernate.type.descriptor.sql.BasicBinder - binding parameter [4] as [VARBINARY] - [2017-09-27T18:22:01.221]
2017-09-27 18:22:01,226[main] TRACE org.hibernate.type.descriptor.sql.BasicBinder - binding parameter [5] as [VARCHAR] - [admin2]
2017-09-27 18:22:01,228[main] DEBUG org.hibernate.SQL - 
    insert 
    into
        user
        (created_on, password, role, updated_on, username) 
    values
        (?, ?, ?, ?, ?)
2017-09-27 18:22:01,229[main] TRACE org.hibernate.type.descriptor.sql.BasicBinder - binding parameter [1] as [VARBINARY] - [2017-09-27T18:22:01.227]
2017-09-27 18:22:01,229[main] TRACE org.hibernate.type.descriptor.sql.BasicBinder - binding parameter [2] as [VARCHAR] - [deepak]
2017-09-27 18:22:01,229[main] TRACE org.hibernate.type.descriptor.sql.BasicBinder - binding parameter [3] as [VARCHAR] - [NON_ADMIN]
2017-09-27 18:22:01,230[main] TRACE org.hibernate.type.descriptor.sql.BasicBinder - binding parameter [4] as [VARBINARY] - [2017-09-27T18:22:01.227]
2017-09-27 18:22:01,230[main] TRACE org.hibernate.type.descriptor.sql.BasicBinder - binding parameter [5] as [VARCHAR] - [deepak]
2017-09-27 18:22:01,233[main] DEBUG org.hibernate.SQL - 
    insert 
    into
        balance
        (balance, created_on, updated_on, user_id) 
    values
        (?, ?, ?, ?)
2017-09-27 18:22:01,234[main] TRACE org.hibernate.type.descriptor.sql.BasicBinder - binding parameter [1] as [BIGINT] - [5000]
2017-09-27 18:22:01,234[main] TRACE org.hibernate.type.descriptor.sql.BasicBinder - binding parameter [2] as [VARBINARY] - [2017-09-27T18:22:01.232]
2017-09-27 18:22:01,234[main] TRACE org.hibernate.type.descriptor.sql.BasicBinder - binding parameter [3] as [VARBINARY] - [2017-09-27T18:22:01.232]
2017-09-27 18:22:01,235[main] TRACE org.hibernate.type.descriptor.sql.BasicBinder - binding parameter [4] as [BIGINT] - [153]
2017-09-27 18:22:01,238[main] DEBUG org.hibernate.SQL - 
    insert 
    into
        user
        (created_on, password, role, updated_on, username) 
    values
        (?, ?, ?, ?, ?)
2017-09-27 18:22:01,238[main] TRACE org.hibernate.type.descriptor.sql.BasicBinder - binding parameter [1] as [VARBINARY] - [2017-09-27T18:22:01.237]
2017-09-27 18:22:01,238[main] TRACE org.hibernate.type.descriptor.sql.BasicBinder - binding parameter [2] as [VARCHAR] - [anant]
2017-09-27 18:22:01,239[main] TRACE org.hibernate.type.descriptor.sql.BasicBinder - binding parameter [3] as [VARCHAR] - [NON_ADMIN]
2017-09-27 18:22:01,239[main] TRACE org.hibernate.type.descriptor.sql.BasicBinder - binding parameter [4] as [VARBINARY] - [2017-09-27T18:22:01.237]
2017-09-27 18:22:01,239[main] TRACE org.hibernate.type.descriptor.sql.BasicBinder - binding parameter [5] as [VARCHAR] - [anant]
2017-09-27 18:22:01,244[main] DEBUG org.hibernate.SQL - 
    insert 
    into
        balance
        (balance, created_on, updated_on, user_id) 
    values
        (?, ?, ?, ?)
2017-09-27 18:22:01,244[main] TRACE org.hibernate.type.descriptor.sql.BasicBinder - binding parameter [1] as [BIGINT] - [1000]
2017-09-27 18:22:01,245[main] TRACE org.hibernate.type.descriptor.sql.BasicBinder - binding parameter [2] as [VARBINARY] - [2017-09-27T18:22:01.242]
2017-09-27 18:22:01,245[main] TRACE org.hibernate.type.descriptor.sql.BasicBinder - binding parameter [3] as [VARBINARY] - [2017-09-27T18:22:01.242]
2017-09-27 18:22:01,245[main] TRACE org.hibernate.type.descriptor.sql.BasicBinder - binding parameter [4] as [BIGINT] - [154]
2017-09-27 18:22:01,249[main] DEBUG org.hibernate.SQL - 
    insert 
    into
        user
        (created_on, password, role, updated_on, username) 
    values
        (?, ?, ?, ?, ?)
2017-09-27 18:22:01,250[main] TRACE org.hibernate.type.descriptor.sql.BasicBinder - binding parameter [1] as [VARBINARY] - [2017-09-27T18:22:01.248]
2017-09-27 18:22:01,250[main] TRACE org.hibernate.type.descriptor.sql.BasicBinder - binding parameter [2] as [VARCHAR] - [user1]
2017-09-27 18:22:01,250[main] TRACE org.hibernate.type.descriptor.sql.BasicBinder - binding parameter [3] as [VARCHAR] - [NON_ADMIN]
2017-09-27 18:22:01,250[main] TRACE org.hibernate.type.descriptor.sql.BasicBinder - binding parameter [4] as [VARBINARY] - [2017-09-27T18:22:01.248]
2017-09-27 18:22:01,251[main] TRACE org.hibernate.type.descriptor.sql.BasicBinder - binding parameter [5] as [VARCHAR] - [user1]
2017-09-27 18:22:01,253[main] DEBUG org.hibernate.SQL - 
    insert 
    into
        balance
        (balance, created_on, updated_on, user_id) 
    values
        (?, ?, ?, ?)
2017-09-27 18:22:01,254[main] TRACE org.hibernate.type.descriptor.sql.BasicBinder - binding parameter [1] as [BIGINT] - [8000]
2017-09-27 18:22:01,254[main] TRACE org.hibernate.type.descriptor.sql.BasicBinder - binding parameter [2] as [VARBINARY] - [2017-09-27T18:22:01.252]
2017-09-27 18:22:01,254[main] TRACE org.hibernate.type.descriptor.sql.BasicBinder - binding parameter [3] as [VARBINARY] - [2017-09-27T18:22:01.252]
2017-09-27 18:22:01,255[main] TRACE org.hibernate.type.descriptor.sql.BasicBinder - binding parameter [4] as [BIGINT] - [155]
2017-09-27 18:22:01,257[main] DEBUG org.hibernate.SQL - 
    insert 
    into
        user
        (created_on, password, role, updated_on, username) 
    values
        (?, ?, ?, ?, ?)
2017-09-27 18:22:01,258[main] TRACE org.hibernate.type.descriptor.sql.BasicBinder - binding parameter [1] as [VARBINARY] - [2017-09-27T18:22:01.256]
2017-09-27 18:22:01,258[main] TRACE org.hibernate.type.descriptor.sql.BasicBinder - binding parameter [2] as [VARCHAR] - [user2]
2017-09-27 18:22:01,259[main] TRACE org.hibernate.type.descriptor.sql.BasicBinder - binding parameter [3] as [VARCHAR] - [NON_ADMIN]
2017-09-27 18:22:01,259[main] TRACE org.hibernate.type.descriptor.sql.BasicBinder - binding parameter [4] as [VARBINARY] - [2017-09-27T18:22:01.256]
2017-09-27 18:22:01,259[main] TRACE org.hibernate.type.descriptor.sql.BasicBinder - binding parameter [5] as [VARCHAR] - [user2]
2017-09-27 18:22:01,262[main] DEBUG org.hibernate.SQL - 
    insert 
    into
        balance
        (balance, created_on, updated_on, user_id) 
    values
        (?, ?, ?, ?)
2017-09-27 18:22:01,262[main] TRACE org.hibernate.type.descriptor.sql.BasicBinder - binding parameter [1] as [BIGINT] - [100]
2017-09-27 18:22:01,262[main] TRACE org.hibernate.type.descriptor.sql.BasicBinder - binding parameter [2] as [VARBINARY] - [2017-09-27T18:22:01.261]
2017-09-27 18:22:01,263[main] TRACE org.hibernate.type.descriptor.sql.BasicBinder - binding parameter [3] as [VARBINARY] - [2017-09-27T18:22:01.261]
2017-09-27 18:22:01,263[main] TRACE org.hibernate.type.descriptor.sql.BasicBinder - binding parameter [4] as [BIGINT] - [156]
2017-09-27 18:22:01,385[main] INFO  org.springframework.web.servlet.mvc.method.annotation.RequestMappingHandlerMapping - Mapped "{[/fab/users],methods=[GET],consumes=[*/*],produces=[application/json]}" onto public fab.wallet.backend.api.Response fab.wallet.backend.controller.AdminController.fetchUsers(javax.servlet.http.HttpServletRequest,javax.servlet.http.HttpServletResponse)
2017-09-27 18:22:01,387[main] INFO  org.springframework.web.servlet.mvc.method.annotation.RequestMappingHandlerMapping - Mapped "{[/fab/transactions/{userId}],methods=[GET],consumes=[*/*],produces=[application/json]}" onto public fab.wallet.backend.api.Response fab.wallet.backend.controller.AdminController.fetchTransactionsByUserId(java.lang.Long,javax.servlet.http.HttpServletRequest,javax.servlet.http.HttpServletResponse)
2017-09-27 18:22:01,389[main] INFO  org.springframework.web.servlet.mvc.method.annotation.RequestMappingHandlerMapping - Mapped "{[/fab/purchase],methods=[POST],consumes=[*/*],produces=[application/json]}" onto public fab.wallet.backend.api.Response fab.wallet.backend.controller.UserController.purchase(fab.wallet.backend.api.Request,javax.servlet.http.HttpServletRequest,javax.servlet.http.HttpServletResponse) throws fab.wallet.backend.exception.InsufficientBalanceException,fab.wallet.backend.exception.WalletNotFoundException
2017-09-27 18:22:01,390[main] INFO  org.springframework.web.servlet.mvc.method.annotation.RequestMappingHandlerMapping - Mapped "{[/fab/authenticate],methods=[POST],consumes=[*/*],produces=[application/json]}" onto public fab.wallet.backend.api.Response fab.wallet.backend.controller.UserController.fetchUsers(fab.wallet.backend.api.Request,javax.servlet.http.HttpServletRequest,javax.servlet.http.HttpServletResponse) throws fab.wallet.backend.exception.UserNotFoundException
2017-09-27 18:22:01,391[main] INFO  org.springframework.web.servlet.mvc.method.annotation.RequestMappingHandlerMapping - Mapped "{[/fab/balance/{userId}],methods=[GET],consumes=[*/*],produces=[application/json]}" onto public fab.wallet.backend.api.Response fab.wallet.backend.controller.UserController.getBalance(java.lang.Long,javax.servlet.http.HttpServletRequest,javax.servlet.http.HttpServletResponse) throws fab.wallet.backend.exception.WalletNotFoundException
2017-09-27 18:22:01,394[main] INFO  org.springframework.web.servlet.mvc.method.annotation.RequestMappingHandlerMapping - Mapped "{[/error]}" onto public org.springframework.http.ResponseEntity<java.util.Map<java.lang.String, java.lang.Object>> org.springframework.boot.autoconfigure.web.BasicErrorController.error(javax.servlet.http.HttpServletRequest)
2017-09-27 18:22:01,394[main] INFO  org.springframework.web.servlet.mvc.method.annotation.RequestMappingHandlerMapping - Mapped "{[/error],produces=[text/html]}" onto public org.springframework.web.servlet.ModelAndView org.springframework.boot.autoconfigure.web.BasicErrorController.errorHtml(javax.servlet.http.HttpServletRequest,javax.servlet.http.HttpServletResponse)
2017-09-27 18:22:01,457[main] INFO  org.springframework.web.servlet.mvc.method.annotation.RequestMappingHandlerAdapter - Looking for @ControllerAdvice: org.springframework.boot.context.embedded.AnnotationConfigEmbeddedWebApplicationContext@115fe35f: startup date [Wed Sep 27 18:21:58 IST 2017]; root of context hierarchy
2017-09-27 18:22:01,723[main] INFO  org.springframework.web.servlet.mvc.method.annotation.ExceptionHandlerExceptionResolver - Detected @ExceptionHandler methods in exceptionInterceptor
2017-09-27 18:22:02,011[main] INFO  org.springframework.jmx.export.annotation.AnnotationMBeanExporter - Registering beans for JMX exposure on startup
2017-09-27 18:22:02,065[main] INFO  org.springframework.boot.context.embedded.tomcat.TomcatEmbeddedServletContainer - Tomcat started on port(s): 8080 (http)
2017-09-27 18:22:02,070[main] INFO  fab.wallet.backend.BackendApplication - Started BackendApplication in 19.52 seconds (JVM running for 22.181)
2017-09-27 18:23:39,422[Thread-4] INFO  org.springframework.boot.context.embedded.AnnotationConfigEmbeddedWebApplicationContext - Closing org.springframework.boot.context.embedded.AnnotationConfigEmbeddedWebApplicationContext@115fe35f: startup date [Wed Sep 27 18:21:58 IST 2017]; root of context hierarchy
2017-09-27 18:23:39,447[Thread-4] INFO  org.springframework.jmx.export.annotation.AnnotationMBeanExporter - Unregistering JMX-exposed beans on shutdown
2017-09-27 18:23:39,452[Thread-4] INFO  org.springframework.orm.jpa.LocalContainerEntityManagerFactoryBean - Closing JPA EntityManagerFactory for persistence unit 'default'
