2017-09-27 18:36:04,413[main] DEBUG org.hibernate.SQL - 
    delete 
    from
        user 
    where
        user_id=?
2017-09-27 18:36:04,414[main] TRACE org.hibernate.type.descriptor.sql.BasicBinder - binding parameter [1] as [BIGINT] - [198]
2017-09-27 18:36:04,420[main] DEBUG org.hibernate.SQL - 
    select
        balance0_.id as id1_0_,
        balance0_.balance as balance2_0_,
        balance0_.created_on as created_3_0_,
        balance0_.updated_on as updated_4_0_,
        balance0_.user_id as user_id5_0_ 
    from
        balance balance0_
2017-09-27 18:36:04,423[main] DEBUG org.hibernate.SQL - 
    delete 
    from
        balance 
    where
        id=?
2017-09-27 18:36:04,423[main] TRACE org.hibernate.type.descriptor.sql.BasicBinder - binding parameter [1] as [BIGINT] - [129]
2017-09-27 18:36:04,424[main] DEBUG org.hibernate.SQL - 
    delete 
    from
        balance 
    where
        id=?
2017-09-27 18:36:04,425[main] TRACE org.hibernate.type.descriptor.sql.BasicBinder - binding parameter [1] as [BIGINT] - [130]
2017-09-27 18:36:04,425[main] DEBUG org.hibernate.SQL - 
    delete 
    from
        balance 
    where
        id=?
2017-09-27 18:36:04,426[main] TRACE org.hibernate.type.descriptor.sql.BasicBinder - binding parameter [1] as [BIGINT] - [131]
2017-09-27 18:36:04,426[main] DEBUG org.hibernate.SQL - 
    delete 
    from
        balance 
    where
        id=?
2017-09-27 18:36:04,426[main] TRACE org.hibernate.type.descriptor.sql.BasicBinder - binding parameter [1] as [BIGINT] - [132]
2017-09-27 18:36:04,438[main] DEBUG org.hibernate.SQL - 
    insert 
    into
        user
        (created_on, password, role, updated_on, username) 
    values
        (?, ?, ?, ?, ?)
2017-09-27 18:36:04,440[main] TRACE org.hibernate.type.descriptor.sql.BasicBinder - binding parameter [1] as [VARBINARY] - [2017-09-27T18:36:04.431]
2017-09-27 18:36:04,440[main] TRACE org.hibernate.type.descriptor.sql.BasicBinder - binding parameter [2] as [VARCHAR] - [admin]
2017-09-27 18:36:04,441[main] TRACE org.hibernate.type.descriptor.sql.BasicBinder - binding parameter [3] as [VARCHAR] - [ADMIN]
2017-09-27 18:36:04,441[main] TRACE org.hibernate.type.descriptor.sql.BasicBinder - binding parameter [4] as [VARBINARY] - [2017-09-27T18:36:04.431]
