2017-09-27 18:36:04,460[main] TRACE org.hibernate.type.descriptor.sql.BasicBinder - binding parameter [3] as [VARBINARY] - [2017-09-27T18:36:04.458]
2017-09-27 18:36:04,461[main] TRACE org.hibernate.type.descriptor.sql.BasicBinder - binding parameter [4] as [BIGINT] - [201]
2017-09-27 18:36:04,467[main] DEBUG org.hibernate.SQL - 
    insert 
    into
        user
        (created_on, password, role, updated_on, username) 
    values
        (?, ?, ?, ?, ?)
2017-09-27 18:36:04,467[main] TRACE org.hibernate.type.descriptor.sql.BasicBinder - binding parameter [1] as [VARBINARY] - [2017-09-27T18:36:04.465]
2017-09-27 18:36:04,468[main] TRACE org.hibernate.type.descriptor.sql.BasicBinder - binding parameter [2] as [VARCHAR] - [anant]
2017-09-27 18:36:04,468[main] TRACE org.hibernate.type.descriptor.sql.BasicBinder - binding parameter [3] as [VARCHAR] - [NON_ADMIN]
2017-09-27 18:36:04,468[main] TRACE org.hibernate.type.descriptor.sql.BasicBinder - binding parameter [4] as [VARBINARY] - [2017-09-27T18:36:04.465]
2017-09-27 18:36:04,468[main] TRACE org.hibernate.type.descriptor.sql.BasicBinder - binding parameter [5] as [VARCHAR] - [anant]
2017-09-27 18:36:04,471[main] DEBUG org.hibernate.SQL - 
    insert 
    into
        balance
        (balance, created_on, updated_on, user_id) 
    values
        (?, ?, ?, ?)
2017-09-27 18:36:04,472[main] TRACE org.hibernate.type.descriptor.sql.BasicBinder - binding parameter [1] as [BIGINT] - [1000]
2017-09-27 18:36:04,472[main] TRACE org.hibernate.type.descriptor.sql.BasicBinder - binding parameter [2] as [VARBINARY] - [2017-09-27T18:36:04.470]
2017-09-27 18:36:04,473[main] TRACE org.hibernate.type.descriptor.sql.BasicBinder - binding parameter [3] as [VARBINARY] - [2017-09-27T18:36:04.470]
2017-09-27 18:36:04,473[main] TRACE org.hibernate.type.descriptor.sql.BasicBinder - binding parameter [4] as [BIGINT] - [202]
2017-09-27 18:36:04,476[main] DEBUG org.hibernate.SQL - 
    insert 
    into
        user
        (created_on, password, role, updated_on, username) 
    values
        (?, ?, ?, ?, ?)
2017-09-27 18:36:04,477[main] TRACE org.hibernate.type.descriptor.sql.BasicBinder - binding parameter [1] as [VARBINARY] - [2017-09-27T18:36:04.475]
2017-09-27 18:36:04,477[main] TRACE org.hibernate.type.descriptor.sql.BasicBinder - binding parameter [2] as [VARCHAR] - [user1]
2017-09-27 18:36:04,477[main] TRACE org.hibernate.type.descriptor.sql.BasicBinder - binding parameter [3] as [VARCHAR] - [NON_ADMIN]
2017-09-27 18:36:04,477[main] TRACE org.hibernate.type.descriptor.sql.BasicBinder - binding parameter [4] as [VARBINARY] - [2017-09-27T18:36:04.475]
2017-09-27 18:36:04,477[main] TRACE org.hibernate.type.descriptor.sql.BasicBinder - binding parameter [5] as [VARCHAR] - [user1]
2017-09-27 18:36:04,480[main] DEBUG org.hibernate.SQL - 
    insert 
    into
        balance
        (balance, created_on, updated_on, user_id) 
    values
        (?, ?, ?, ?)
2017-09-27 18:36:04,481[main] TRACE org.hibernate.type.descriptor.sql.BasicBinder - binding parameter [1] as [BIGINT] - [8000]
2017-09-27 18:36:04,481[main] TRACE org.hibernate.type.descriptor.sql.BasicBinder - binding parameter [2] as [VARBINARY] - [2017-09-27T18:36:04.479]
2017-09-27 18:36:04,481[main] TRACE org.hibernate.type.descriptor.sql.BasicBinder - binding parameter [3] as [VARBINARY] - [2017-09-27T18:36:04.479]
2017-09-27 18:36:04,482[main] TRACE org.hibernate.type.descriptor.sql.BasicBinder - binding parameter [4] as [BIGINT] - [203]
2017-09-27 18:36:04,491[main] DEBUG org.hibernate.SQL - 
    insert 
    into
        user
        (created_on, password, role, updated_on, username) 
    values
        (?, ?, ?, ?, ?)
2017-09-27 18:36:04,492[main] TRACE org.hibernate.type.descriptor.sql.BasicBinder - binding parameter [1] as [VARBINARY] - [2017-09-27T18:36:04.490]
2017-09-27 18:36:04,492[main] TRACE org.hibernate.type.descriptor.sql.BasicBinder - binding parameter [2] as [VARCHAR] - [user2]
2017-09-27 18:36:04,492[main] TRACE org.hibernate.type.descriptor.sql.BasicBinder - binding parameter [3] as [VARCHAR] - [NON_ADMIN]
2017-09-27 18:36:04,492[main] TRACE org.hibernate.type.descriptor.sql.BasicBinder - binding parameter [4] as [VARBINARY] - [2017-09-27T18:36:04.490]
2017-09-27 18:36:04,493[main] TRACE org.hibernate.type.descriptor.sql.BasicBinder - binding parameter [5] as [VARCHAR] - [user2]
2017-09-27 18:36:04,496[main] DEBUG org.hibernate.SQL - 
    insert 
    into
        balance
        (balance, created_on, updated_on, user_id) 
    values
        (?, ?, ?, ?)
2017-09-27 18:36:04,497[main] TRACE org.hibernate.type.descriptor.sql.BasicBinder - binding parameter [1] as [BIGINT] - [100]
2017-09-27 18:36:04,497[main] TRACE org.hibernate.type.descriptor.sql.BasicBinder - binding parameter [2] as [VARBINARY] - [2017-09-27T18:36:04.494]
2017-09-27 18:36:04,498[main] TRACE org.hibernate.type.descriptor.sql.BasicBinder - binding parameter [3] as [VARBINARY] - [2017-09-27T18:36:04.494]
2017-09-27 18:36:04,498[main] TRACE org.hibernate.type.descriptor.sql.BasicBinder - binding parameter [4] as [BIGINT] - [204]
2017-09-27 18:36:04,585[main] INFO  org.springframework.web.servlet.mvc.method.annotation.RequestMappingHandlerMapping - Mapped "{[/fab/users],methods=[GET],consumes=[*/*],produces=[application/json]}" onto public fab.wallet.backend.api.Response fab.wallet.backend.controller.AdminController.fetchUsers(javax.servlet.http.HttpServletRequest,javax.servlet.http.HttpServletResponse)
2017-09-27 18:36:04,587[main] INFO  org.springframework.web.servlet.mvc.method.annotation.RequestMappingHandlerMapping - Mapped "{[/fab/transactions/{userId}],methods=[GET],consumes=[*/*],produces=[application/json]}" onto public fab.wallet.backend.api.Response fab.wallet.backend.controller.AdminController.fetchTransactionsByUserId(java.lang.Long,javax.servlet.http.HttpServletRequest,javax.servlet.http.HttpServletResponse)
2017-09-27 18:36:04,588[main] INFO  org.springframework.web.servlet.mvc.method.annotation.RequestMappingHandlerMapping - Mapped "{[/fab/purchase],methods=[POST],consumes=[*/*],produces=[application/json]}" onto public fab.wallet.backend.api.Response fab.wallet.backend.controller.UserController.purchase(fab.wallet.backend.api.Request,javax.servlet.http.HttpServletRequest,javax.servlet.http.HttpServletResponse) throws fab.wallet.backend.exception.InsufficientBalanceException,fab.wallet.backend.exception.WalletNotFoundException
2017-09-27 18:36:04,589[main] INFO  org.springframework.web.servlet.mvc.method.annotation.RequestMappingHandlerMapping - Mapped "{[/fab/authenticate],methods=[POST],consumes=[*/*],produces=[application/json]}" onto public fab.wallet.backend.api.Response fab.wallet.backend.controller.UserController.fetchUsers(fab.wallet.backend.api.Request,javax.servlet.http.HttpServletRequest,javax.servlet.http.HttpServletResponse) throws fab.wallet.backend.exception.UserNotFoundException
2017-09-27 18:36:04,589[main] INFO  org.springframework.web.servlet.mvc.method.annotation.RequestMappingHandlerMapping - Mapped "{[/fab/balance/{userId}],methods=[GET],consumes=[*/*],produces=[application/json]}" onto public fab.wallet.backend.api.Response fab.wallet.backend.controller.UserController.getBalance(java.lang.Long,javax.servlet.http.HttpServletRequest,javax.servlet.http.HttpServletResponse) throws fab.wallet.backend.exception.WalletNotFoundException
2017-09-27 18:36:04,592[main] INFO  org.springframework.web.servlet.mvc.method.annotation.RequestMappingHandlerMapping - Mapped "{[/error]}" onto public org.springframework.http.ResponseEntity<java.util.Map<java.lang.String, java.lang.Object>> org.springframework.boot.autoconfigure.web.BasicErrorController.error(javax.servlet.http.HttpServletRequest)
2017-09-27 18:36:04,593[main] INFO  org.springframework.web.servlet.mvc.method.annotation.RequestMappingHandlerMapping - Mapped "{[/error],produces=[text/html]}" onto public org.springframework.web.servlet.ModelAndView org.springframework.boot.autoconfigure.web.BasicErrorController.errorHtml(javax.servlet.http.HttpServletRequest,javax.servlet.http.HttpServletResponse)
2017-09-27 18:36:04,652[main] INFO  org.springframework.web.servlet.mvc.method.annotation.RequestMappingHandlerAdapter - Looking for @ControllerAdvice: org.springframework.boot.context.embedded.AnnotationConfigEmbeddedWebApplicationContext@27c327e8: startup date [Wed Sep 27 18:36:01 IST 2017]; root of context hierarchy
2017-09-27 18:36:04,873[main] INFO  org.springframework.web.servlet.mvc.method.annotation.ExceptionHandlerExceptionResolver - Detected @ExceptionHandler methods in exceptionInterceptor
2017-09-27 18:36:05,142[main] INFO  org.springframework.jmx.export.annotation.AnnotationMBeanExporter - Registering beans for JMX exposure on startup
2017-09-27 18:36:05,196[main] INFO  org.springframework.boot.context.embedded.tomcat.TomcatEmbeddedServletContainer - Tomcat started on port(s): 8070 (http)
2017-09-27 18:36:05,200[main] INFO  fab.wallet.backend.BackendApplication - Started BackendApplication in 19.205 seconds (JVM running for 21.842)
