2017-09-27 18:35:41,255[main] TRACE org.hibernate.type.descriptor.sql.BasicBinder - binding parameter [1] as [BIGINT] - [189]
2017-09-27 18:35:41,256[main] DEBUG org.hibernate.SQL - 
    delete 
    from
        user 
    where
        user_id=?
2017-09-27 18:35:41,257[main] TRACE org.hibernate.type.descriptor.sql.BasicBinder - binding parameter [1] as [BIGINT] - [190]
2017-09-27 18:35:41,257[main] DEBUG org.hibernate.SQL - 
    delete 
    from
        user 
    where
        user_id=?
2017-09-27 18:35:41,258[main] TRACE org.hibernate.type.descriptor.sql.BasicBinder - binding parameter [1] as [BIGINT] - [191]
2017-09-27 18:35:41,259[main] DEBUG org.hibernate.SQL - 
    delete 
    from
        user 
    where
        user_id=?
2017-09-27 18:35:41,260[main] TRACE org.hibernate.type.descriptor.sql.BasicBinder - binding parameter [1] as [BIGINT] - [192]
2017-09-27 18:35:41,265[main] DEBUG org.hibernate.SQL - 
    select
        balance0_.id as id1_0_,
        balance0_.balance as balance2_0_,
        balance0_.created_on as created_3_0_,
        balance0_.updated_on as updated_4_0_,
        balance0_.user_id as user_id5_0_ 
    from
        balance balance0_
2017-09-27 18:35:41,270[main] DEBUG org.hibernate.SQL - 
    delete 
    from
        balance 
    where
        id=?
2017-09-27 18:35:41,271[main] TRACE org.hibernate.type.descriptor.sql.BasicBinder - binding parameter [1] as [BIGINT] - [125]
2017-09-27 18:35:41,271[main] DEBUG org.hibernate.SQL - 
    delete 
    from
        balance 
    where
        id=?
2017-09-27 18:35:41,272[main] TRACE org.hibernate.type.descriptor.sql.BasicBinder - binding parameter [1] as [BIGINT] - [126]
